# JRE version: Java(TM) SE Runtime Environment (8.0_161-b12) (build 1.8.0_161-b12)
# Java VM: Java HotSpot(TM) 64-Bit Server VM (25.161-b12 mixed mode bsd-amd64 compressed oops)
Heap:
 PSYoungGen      total 58368K, used 15446K [0x000000076ab00000, 0x0000000771980000, 0x00000007c0000000)
  eden space 43520K, 1% used [0x000000076ab00000,0x000000076ab9f3d8,0x000000076d580000)
  from space 14848K, 99% used [0x000000076d600000,0x000000076e476718,0x000000076e480000)
  to   space 34816K, 0% used [0x000000076f780000,0x000000076f780000,0x0000000771980000)
 ParOldGen       total 175104K, used 152301K [0x00000006c0000000, 0x00000006cab00000, 0x000000076ab00000)
  object space 175104K, 86% used [0x00000006c0000000,0x00000006c94bb668,0x00000006cab00000)
 Metaspace       used 19921K, capacity 20452K, committed 20608K, reserved 1067008K
  class space    used 2474K, capacity 2613K, committed 2688K, reserved 1048576K
GC Heap History (10 events):
Event: 145361.626 GC heap before
{Heap before GC invocations=21 (full 0):
 PSYoungGen      total 82944K, used 51862K [0x000000076ab00000, 0x0000000772200000, 0x00000007c0000000)
  eden space 46080K, 100% used [0x000000076ab00000,0x000000076d800000,0x000000076d800000)
  from space 36864K, 15% used [0x000000076fe00000,0x00000007703a5ab8,0x0000000772200000)
  to   space 37888K, 0% used [0x000000076d800000,0x000000076d800000,0x000000076fd00000)
 ParOldGen       total 175104K, used 142676K [0x00000006c0000000, 0x00000006cab00000, 0x000000076ab00000)
  object space 175104K, 81% used [0x00000006c0000000,0x00000006c8b552f8,0x00000006cab00000)
 Metaspace       used 19802K, capacity 20306K, committed 20608K, reserved 1067008K
  class space    used 2471K, capacity 2612K, committed 2688K, reserved 1048576K
Event: 145361.633 GC heap after
Heap after GC invocations=21 (full 0):
 PSYoungGen      total 47616K, used 1943K [0x000000076ab00000, 0x0000000772180000, 0x00000007c0000000)
  eden space 45568K, 0% used [0x000000076ab00000,0x000000076ab00000,0x000000076d780000)
  from space 2048K, 94% used [0x000000076d800000,0x000000076d9e5e10,0x000000076da00000)
  to   space 37888K, 0% used [0x000000076fc80000,0x000000076fc80000,0x0000000772180000)
 ParOldGen       total 175104K, used 147264K [0x00000006c0000000, 0x00000006cab00000, 0x000000076ab00000)
  object space 175104K, 84% used [0x00000006c0000000,0x00000006c8fd00f8,0x00000006cab00000)
 Metaspace       used 19802K, capacity 20306K, committed 20608K, reserved 1067008K
  class space    used 2471K, capacity 2612K, committed 2688K, reserved 1048576K
}
Event: 152428.861 GC heap before
{Heap before GC invocations=22 (full 0):
 PSYoungGen      total 47616K, used 47511K [0x000000076ab00000, 0x0000000772180000, 0x00000007c0000000)
  eden space 45568K, 100% used [0x000000076ab00000,0x000000076d780000,0x000000076d780000)
  from space 2048K, 94% used [0x000000076d800000,0x000000076d9e5e10,0x000000076da00000)
  to   space 37888K, 0% used [0x000000076fc80000,0x000000076fc80000,0x0000000772180000)
 ParOldGen       total 175104K, used 147264K [0x00000006c0000000, 0x00000006cab00000, 0x000000076ab00000)
  object space 175104K, 84% used [0x00000006c0000000,0x00000006c8fd00f8,0x00000006cab00000)
 Metaspace       used 19835K, capacity 20306K, committed 20608K, reserved 1067008K
  class space    used 2472K, capacity 2612K, committed 2688K, reserved 1048576K
Event: 152428.904 GC heap after
Heap after GC invocations=22 (full 0):
 PSYoungGen      total 81408K, used 1887K [0x000000076ab00000, 0x0000000772000000, 0x00000007c0000000)
  eden space 45056K, 0% used [0x000000076ab00000,0x000000076ab00000,0x000000076d700000)
  from space 36352K, 5% used [0x000000076fc80000,0x000000076fe57fd0,0x0000000772000000)
  to   space 37376K, 0% used [0x000000076d700000,0x000000076d700000,0x000000076fb80000)
 ParOldGen       total 175104K, used 148556K [0x00000006c0000000, 0x00000006cab00000, 0x000000076ab00000)
  object space 175104K, 84% used [0x00000006c0000000,0x00000006c91131d8,0x00000006cab00000)
 Metaspace       used 19835K, capacity 20306K, committed 20608K, reserved 1067008K
  class space    used 2472K, capacity 2612K, committed 2688K, reserved 1048576K
}
Event: 153677.809 GC heap before
{Heap before GC invocations=23 (full 0):
 PSYoungGen      total 81408K, used 46943K [0x000000076ab00000, 0x0000000772000000, 0x00000007c0000000)
  eden space 45056K, 100% used [0x000000076ab00000,0x000000076d700000,0x000000076d700000)
  from space 36352K, 5% used [0x000000076fc80000,0x000000076fe57fd0,0x0000000772000000)
  to   space 37376K, 0% used [0x000000076d700000,0x000000076d700000,0x000000076fb80000)
 ParOldGen       total 175104K, used 148556K [0x00000006c0000000, 0x00000006cab00000, 0x000000076ab00000)
  object space 175104K, 84% used [0x00000006c0000000,0x00000006c91131d8,0x00000006cab00000)
 Metaspace       used 19868K, capacity 20370K, committed 20608K, reserved 1067008K
  class space    used 2473K, capacity 2612K, committed 2688K, reserved 1048576K
Event: 153677.815 GC heap after
Heap after GC invocations=23 (full 0):
 PSYoungGen      total 47616K, used 2849K [0x000000076ab00000, 0x0000000771d80000, 0x00000007c0000000)
  eden space 44544K, 0% used [0x000000076ab00000,0x000000076ab00000,0x000000076d680000)
  from space 3072K, 92% used [0x000000076d700000,0x000000076d9c8630,0x000000076da00000)
  to   space 36352K, 0% used [0x000000076fa00000,0x000000076fa00000,0x0000000771d80000)
 ParOldGen       total 175104K, used 149788K [0x00000006c0000000, 0x00000006cab00000, 0x000000076ab00000)
  object space 175104K, 85% used [0x00000006c0000000,0x00000006c92473d8,0x00000006cab00000)
 Metaspace       used 19868K, capacity 20370K, committed 20608K, reserved 1067008K
  class space    used 2473K, capacity 2612K, committed 2688K, reserved 1048576K
}
Event: 154551.203 GC heap before
{Heap before GC invocations=24 (full 0):
 PSYoungGen      total 47616K, used 47393K [0x000000076ab00000, 0x0000000771d80000, 0x00000007c0000000)
  eden space 44544K, 100% used [0x000000076ab00000,0x000000076d680000,0x000000076d680000)
  from space 3072K, 92% used [0x000000076d700000,0x000000076d9c8630,0x000000076da00000)
  to   space 36352K, 0% used [0x000000076fa00000,0x000000076fa00000,0x0000000771d80000)
 ParOldGen       total 175104K, used 149788K [0x00000006c0000000, 0x00000006cab00000, 0x000000076ab00000)
  object space 175104K, 85% used [0x00000006c0000000,0x00000006c92473d8,0x00000006cab00000)
 Metaspace       used 19888K, capacity 20376K, committed 20608K, reserved 1067008K
  class space    used 2473K, capacity 2613K, committed 2688K, reserved 1048576K
Event: 154551.223 GC heap after
Heap after GC invocations=24 (full 0):
 PSYoungGen      total 78848K, used 1820K [0x000000076ab00000, 0x0000000771c00000, 0x00000007c0000000)
  eden space 44032K, 0% used [0x000000076ab00000,0x000000076ab00000,0x000000076d600000)
  from space 34816K, 5% used [0x000000076fa00000,0x000000076fbc7310,0x0000000771c00000)
  to   space 35840K, 0% used [0x000000076d600000,0x000000076d600000,0x000000076f900000)
 ParOldGen       total 175104K, used 151871K [0x00000006c0000000, 0x00000006cab00000, 0x000000076ab00000)
  object space 175104K, 86% used [0x00000006c0000000,0x00000006c944fd38,0x00000006cab00000)
 Metaspace       used 19888K, capacity 20376K, committed 20608K, reserved 1067008K
  class space    used 2473K, capacity 2613K, committed 2688K, reserved 1048576K
}
Event: 185146.641 GC heap before
{Heap before GC invocations=25 (full 0):
 PSYoungGen      total 78848K, used 45852K [0x000000076ab00000, 0x0000000771c00000, 0x00000007c0000000)
  eden space 44032K, 100% used [0x000000076ab00000,0x000000076d600000,0x000000076d600000)
  from space 34816K, 5% used [0x000000076fa00000,0x000000076fbc7310,0x0000000771c00000)
  to   space 35840K, 0% used [0x000000076d600000,0x000000076d600000,0x000000076f900000)
 ParOldGen       total 175104K, used 151871K [0x00000006c0000000, 0x00000006cab00000, 0x000000076ab00000)
  object space 175104K, 86% used [0x00000006c0000000,0x00000006c944fd38,0x00000006cab00000)
 Metaspace       used 19921K, capacity 20452K, committed 20608K, reserved 1067008K
  class space    used 2474K, capacity 2613K, committed 2688K, reserved 1048576K
Event: 185146.833 GC heap after
Heap after GC invocations=25 (full 0):
 PSYoungGen      total 58368K, used 14809K [0x000000076ab00000, 0x0000000771980000, 0x00000007c0000000)
  eden space 43520K, 0% used [0x000000076ab00000,0x000000076ab00000,0x000000076d580000)
  from space 14848K, 99% used [0x000000076d600000,0x000000076e476718,0x000000076e480000)
  to   space 34816K, 0% used [0x000000076f780000,0x000000076f780000,0x0000000771980000)
 ParOldGen       total 175104K, used 152301K [0x00000006c0000000, 0x00000006cab00000, 0x000000076ab00000)
  object space 175104K, 86% used [0x00000006c0000000,0x00000006c94bb668,0x00000006cab00000)
 Metaspace       used 19921K, capacity 20452K, committed 20608K, reserved 1067008K
  class space    used 2474K, capacity 2613K, committed 2688K, reserved 1048576K
}

